SF:./lib/src/server.dart
DA:32,6
DA:33,6
DA:36,6
DA:37,6
DA:38,2
DA:39,2
DA:41,4
DA:42,4
DA:44,4
DA:48,4
DA:50,4
DA:51,4
DA:52,4
DA:54,4
DA:59,4
DA:77,4
DA:89,4
DA:90,4
DA:92,4
DA:100,4
DA:104,4
DA:112,4
DA:121,4
DA:144,4
DA:146,4
DA:159,12
DA:162,12
DA:163,12
DA:164,12
DA:165,12
LF:30
LH:30
end_of_record
SF:./lib/src/data/db.dart
DA:127,72
DA:130,72
DA:146,72
DA:147,72
DA:148,3
DA:149,3
DA:150,3
DA:152,2
DA:156,70
DA:157,70
DA:169,70
DA:170,70
DA:171,70
DA:173,70
DA:174,70
DA:215,66
DA:216,66
DA:239,90
DA:240,90
DA:250,65
DA:253,65
DA:271,76
DA:272,76
DA:273,2
DA:274,2
DA:279,74
DA:280,74
DA:284,74
DA:294,74
DA:295,74
DA:297,74
DA:302,74
DA:304,73
DA:305,73
DA:311,1
DA:312,1
DA:333,7
DA:334,7
DA:335,7
DA:336,3
DA:337,3
DA:339,4
DA:343,4
DA:347,4
DA:360,3
DA:361,3
DA:364,3
DA:378,2
DA:379,2
DA:383,2
DA:403,16
DA:404,16
DA:405,16
DA:407,15
DA:408,15
DA:411,15
DA:412,15
DA:413,15
DA:414,2
DA:415,1
DA:422,1
DA:423,1
DA:424,1
DA:426,1
DA:430,1
DA:431,1
DA:436,14
DA:440,14
DA:480,2
DA:481,2
DA:482,2
DA:484,2
DA:487,2
DA:507,2
DA:508,2
DA:509,2
DA:511,2
DA:512,2
DA:539,25
DA:540,25
DA:541,25
DA:554,2
DA:555,2
DA:556,2
DA:573,2
DA:574,2
DA:575,2
DA:577,2
DA:578,2
DA:582,2
DA:608,13
DA:609,13
DA:610,13
DA:612,12
DA:613,1
DA:619,11
DA:620,11
DA:621,11
DA:625,11
DA:647,8
DA:648,8
DA:649,8
DA:651,7
DA:658,7
DA:659,7
DA:662,7
DA:664,7
DA:665,7
DA:685,7
DA:689,7
DA:691,5
DA:692,5
DA:696,5
DA:697,5
DA:699,5
DA:704,5
DA:705,6
DA:706,6
DA:710,5
DA:720,2
DA:721,2
DA:722,2
DA:724,2
DA:728,2
DA:754,13
DA:755,13
DA:756,13
DA:758,12
DA:759,2
DA:762,10
DA:770,10
DA:789,6
DA:790,6
DA:791,6
DA:804,2
DA:805,2
DA:806,2
DA:816,1
DA:817,1
DA:820,1
DA:837,8
DA:838,8
DA:839,8
DA:842,8
DA:856,2
DA:857,2
DA:858,2
DA:874,2
DA:875,2
DA:876,2
DA:894,2
DA:896,2
DA:897,2
DA:900,2
DA:901,2
DA:906,2
DA:907,2
DA:909,2
DA:913,2
DA:914,2
DA:916,2
DA:920,2
DA:921,2
DA:923,2
DA:927,2
DA:928,2
DA:930,2
DA:935,2
DA:938,2
DA:941,2
DA:945,2
DA:960,5
DA:963,5
DA:964,5
DA:966,5
DA:967,5
DA:969,5
DA:970,1
DA:979,5
DA:980,5
DA:981,5
DA:985,5
DA:999,2
DA:1002,2
DA:1008,8
DA:1010,8
DA:1015,2
LF:187
LH:187
end_of_record
SF:./lib/src/notifications.dart
DA:188,5
DA:189,5
DA:201,6
LF:3
LH:3
end_of_record
